<?xml version="1.0" encoding="UTF-8"?>
<!-- Generated by org.testng.reporters.JUnitReportReporter -->
<testsuite skipped="0" hostname="LAPTOP-0OQSTN0H" name="com.dataprovider_newframework_pkg.test_cases" tests="3" failures="0" timestamp="09 Aug 2018 18:19:08 GMT" time="55.617" errors="0">
  <testcase name="login" time="0.258" classname="com.dataprovider_newframework_pkg.test_cases"/>
  <testcase name="login" time="0.913" classname="com.dataprovider_newframework_pkg.test_cases"/>
  <testcase name="login" time="54.446" classname="com.dataprovider_newframework_pkg.test_cases"/>
</testsuite> <!-- com.dataprovider_newframework_pkg.test_cases -->
